[www.junghoe.com/index.html]
[static.parastorage.com/unpkg/core-js-bundle@3.2.1/minified.js]
[static.parastorage.com/unpkg/focus-within-polyfill@5.0.9/dist/focus-within-polyfill.js]
[polyfill.io/v3/polyfill.mind82c.js]
[browser.sentry-cdn.com/6.18.2/bundle.min.js]
[www.junghoe.com/decodeURIComponent(e]
[backblue.gif]
[fade.gif]
[index.html]
[www.junghoe.com/sitemap.xml]
[www.junghoe.com/feed.xml]
[static.parastorage.com/services/wix-thunderbolt/dist/thunderbolt-commons.5a86a0c3.bundle.min.js]
[static.parastorage.com/services/wix-thunderbolt/dist/main.8898b400.bundle.min.js]
[static.parastorage.com/unpkg/lodash@4.17.21/lodash.min.js]
[static.parastorage.com/unpkg/react@16.14.0/umd/react.production.min.js]
[static.parastorage.com/services/tag-manager-client/1.705.0/siteTags.bundle.min.js]
[static.parastorage.com/services/wix-perf-measure/1.1058.0/wix-perf-measure.umd.min.js]
[static.parastorage.com/unpkg/react-dom@16.14.0/umd/react-dom.production.min.js]
[www.junghoe.com/about.html]
[www.junghoe.com/_files/ugd/JunghoeHwang_Resume_2020%20%282%29.pdf_; filename_=UTF-8''JunghoeHwang_Resume_2020%20%282%29.pdf]
[static.wixstatic.com/media/c0bbc5_73187cb3bb2340d086ae42cf7e65dfc0_mv2.gif]
[static.wixstatic.com/media/1f8d5e3f5aab46f6bd96f6f55c373370.jpg/v1/fill/w_50,h_34,al_c,q_80,usm_0.66_1.00_0.01,blur_2,e/1f8d5e3f5aab46f6bd96f6f55c373370.11.del]
[static.wixstatic.com/media/c0bbc5_ea3fdc8d953b4dbcab20a021d2ef1389f000.jpg/v1/fill/w_147,h_83,al_c,q_80,usm_0.66_1.00_0.01,blur_2,/c0bbc5_ea3fdc8d953b4dbcab20a]
[www.junghoe.com/media/emptystate.85a4add5.svg]
[static.wixstatic.com/media/c0bbc5_e5cd622ceff64104ac129321452ea409_mv2.png/v1/fit/w_960,h_542,q_90/c0bbc5_e5cd622ceff64104ac129321452ea409_mv2.png]
[static.wixstatic.com/media/c0bbc5_01c1c36beaa141a49c875766b4cdc53c_mv2_d_1/v1/fit/w_960,h_762,q_90/c0bbc5_01c1c36beaa141a49c875766b4cdc53c_mv2_d_1508_1200_s_2]
[static.wixstatic.com/media/c0bbc5_f9b95bde1aef4372b93880d44d06a035_mv2.png/v1/fit/w_1380,h_603,q_90/c0bbc5_f9b95bde1aef4372b93880d44d06a035_mv2.png]
[static.wixstatic.com/media/c0bbc5_06f5029b0e7f42bda3dc7f5ecbdf12ec_mv2_d_2/v1/fit/w_1440,h_828,q_90/c0bbc5_06f5029b0e7f42bda3dc7f5ecbdf12ec_mv2_d_2250_1293_s_2]
[static.wixstatic.com/media/c0bbc5_463a85ec8d744678b89fdbe262405cdf_mv2_d_2/v1/fit/w_480,h_738,q_90/c0bbc5_463a85ec8d744678b89fdbe262405cdf_mv2_d_2709_4159_s_4_]
[static.wixstatic.com/media/c0bbc5_5757a3151a4c4b7daf7167b874a4c362_mv2.png/v1/fit/w_480,h_749,q_90/c0bbc5_5757a3151a4c4b7daf7167b874a4c362_mv2.png]
[static.wixstatic.com/media/c0bbc5_38b7b214f156472796e61ddd6fa87931_mv2_d_4/v1/fit/w_1440,h_984,q_90/c0bbc5_38b7b214f156472796e61ddd6fa87931_mv2_d_4318_2951_s_4]
[static.wixstatic.com/media/c0bbc5_276a0b31f1ae47ee86b5786bc8e84499_mv2.gif/v1/fit/w_960,h_657,q_90/c0bbc5_276a0b31f1ae47ee86b5786bc8e84499_mv2.gif]
[static.wixstatic.com/media/c0bbc5_4d1ecd75b13b429aa74ed96156a0b7f3_mv2.png/v1/fit/w_960,h_656,q_90/c0bbc5_4d1ecd75b13b429aa74ed96156a0b7f3_mv2.png]
[static.wixstatic.com/media/c0bbc5_668c90d6bcad42e79e30926d2f74c4ea_mv2.png/v1/fill/w_107,h_73,al_c,q_85,usm_0.66_1.00_0.01,blur_3,enc_auto/Cloud3.png]
[static.wixstatic.com/media/c0bbc5_7f4dc1817d0f49c8a079d25e4c5161b8_mv2.png/v1/fill/w_112,h_61,al_c,q_85,usm_0.66_1.00_0.01,blur_3,enc_auto/Cloud2.png]
[static.wixstatic.com/media/c0bbc5_7f4dc1817d0f49c8a079d25e4c5161b8_mv2.png/v1/fill/w_64,h_35,al_c,q_85,usm_0.66_1.00_0.01,blur_2,enc_auto/Cloud2.png]
[static.wixstatic.com/media/c0bbc5_c5d32b24364c4271808f3ee28deb01cd_mv2.png/v1/crop/x_1,y_0,w_282,h_205/fill/w_65,h_47,al_c,q_85,usm_0.66_1.00_0/Cloud.20.delaye]
[static.wixstatic.com/media/c0bbc5_3a697ce3a7044328b3c59b5484cb281e_mv2.png/v1/fill/w_188,h_128,al_c,q_85,usm_0.66_1.00_0.01,blur_3,enc_auto/Cloud3 Copy.png]
[static.wixstatic.com/media/c0bbc5_668c90d6bcad42e79e30926d2f74c4ea_mv2.png/v1/fill/w_52,h_35,al_c,q_85,usm_0.66_1.00_0.01,blur_2,enc_auto/Cloud3.png]
[www.junghoe.com/index.html]
[www.junghoe.com/decodeURIComponent(e.html]
[www.junghoe.com/sitemap.html]
[www.junghoe.com/feed.html]
[static.wixstatic.com/media/c0bbc5_740f1c7c649a4675ae4afa546f4e1aa6_mv2.png/v1/fill/w_60,h_48,al_c,q_85,usm_0.66_1.00_0.01,enc_auto/Lamp_0,2x.png]
[static.wixstatic.com/media/c0bbc5_d371a4f9928a4d7ab3799fa8ed94306e_mv2.png/v1/fill/w_243,h_167,al_c,lg_1,q_85,enc_auto/Combined Shape.png]
[static.wixstatic.com/media/c0bbc5_896c024f092e466fb189884f958db507_mv2.png/v1/fill/w_243,h_167,al_c,lg_1,q_85,enc_auto/Combined Shape Copy.png]
[static.wixstatic.com/media/c0bbc5_411179663b234412b8e2950dd93ec214_mv2.png/v1/fill/w_243,h_167,al_c,lg_1,q_85,enc_auto/Combined Shape Copy.png]
[static.wixstatic.com/media/c0bbc5_e6fad429fa7c4dda9b8e7b975e86a133_mv2.png/v1/fill/w_243,h_186,al_c,lg_1,q_85,enc_auto/Combined Shape Copy 3.png]
[static.wixstatic.com/media/c0bbc5_57b1100479a645e2ad7e76eaa3b6ff8c_mv2.png/v1/fill/w_423,h_423,al_c,q_85,usm_0.66_1.00_0.01,enc_auto/Rectangle Copy 4.png]
[static.wixstatic.com/media/c0bbc5_695b4dcc33824ddfbc26e391ba81bdba_mv2.png/v1/fill/w_483,h_341,al_c,q_85,usm_0.66_1.00_0.01,enc_auto/Brain.png]
[static.wixstatic.com/media/c0bbc5_21348a050f3f4dc891bc0ca66afcb4ca_mv2.png/v1/fill/w_222,h_226,al_c,q_85,usm_0.66_1.00_0.01,enc_auto/Rectangle Copy 3.png]
[static.wixstatic.com/media/c0bbc5_ce5be3c4e181465dae63e84ac0062e72_mv2.png/v1/fill/w_159,h_177,al_c,q_85,usm_0.66_1.00_0.01,enc_auto/CUp.png]
[static.wixstatic.com/media/c0bbc5_26642110e55a467e876c588669eaff75_mv2.png/v1/fill/w_413,h_219,al_c,q_85,usm_0.66_1.00_0.01,enc_auto/Rectangle.png]
[static.wixstatic.com/media/c0bbc5_712706a9c6c44cc18a5de396f109150b_mv2.png/v1/fill/w_263,h_219,al_c,q_85,usm_0.66_1.00_0.01,enc_auto/Macintosh.png]
[static.wixstatic.com/media/c0bbc5_e4c47199a6be4e65a1f5fdd1d5b21f4f_mv2.png/v1/fill/w_323,h_178,al_c,q_85,usm_0.66_1.00_0.01,enc_auto/Untitled-1_1x.png]
[static.wixstatic.com/media/c0bbc5_503a39ad6e0c4b0b8c5b2d9a5fafb412_mv2.png/v1/fill/w_230,h_312,al_c,q_85,usm_0.66_1.00_0.01,enc_auto/Mouse.png]
[static.wixstatic.com/media/c0bbc5_21348a050f3f4dc891bc0ca66afcb4ca_mv2.png/v1/fill/w_227,h_219,al_c,q_85,usm_0.66_1.00_0.01,enc_auto/Rectangle Copy 3.png]
[static.wixstatic.com/media/c0bbc5_765321a913004f8999df30a910f31c9a_mv2.png/v1/fill/w_189,h_128,al_c,q_85,usm_0.66_1.00_0.01,enc_auto/Vynil.png]
[www.junghoe.com/about.html]
[www.junghoe.com/media/emptystate.85a4add5.html]
[static.wixstatic.com/media/c0bbc5_2cfb6f65ee744269a32314c003892f5e_mv2.png/v1/crop/x_280,y_0,w_912,h_912/fill/w_118,h_118,al_c,q_85,usm_/Jung Picture.33.delaye]
[static.wixstatic.com/media/11062b_e59945e6672147dc8d7a7fa1205a33baf000.png/v1/fill/w_123,h_123,al_c,q_85,usm_0.66_1.00_0.01,blur_2/11062b_e59945e6672147dc8d7a7]
